[0m17:29:48  Running with dbt=1.7.3
[0m17:29:49  Registered adapter: snowflake=1.7.1
[0m17:29:49  Found 12 models, 1 snapshot, 1 test, 9 sources, 0 exposures, 0 metrics, 805 macros, 0 groups, 0 semantic models
[0m17:29:49  
[0m17:29:57  Concurrency: 1 threads (target='dev')
[0m17:29:57  
[0m17:29:57  1 of 14 START sql view model staging.stg_tpcds__catalog_sales .................. [RUN]
[0m17:29:58  1 of 14 OK created sql view model staging.stg_tpcds__catalog_sales ............. [[32mSUCCESS 1[0m in 0.66s]
[0m17:29:58  2 of 14 START sql view model staging.stg_tpcds__customer ....................... [RUN]
[0m17:29:58  2 of 14 OK created sql view model staging.stg_tpcds__customer .................. [[32mSUCCESS 1[0m in 0.54s]
[0m17:29:58  3 of 14 START sql view model staging.stg_tpcds__customer_address ............... [RUN]
[0m17:29:59  3 of 14 OK created sql view model staging.stg_tpcds__customer_address .......... [[32mSUCCESS 1[0m in 0.60s]
[0m17:29:59  4 of 14 START sql view model staging.stg_tpcds__customer_demographics .......... [RUN]
[0m17:30:00  4 of 14 OK created sql view model staging.stg_tpcds__customer_demographics ..... [[32mSUCCESS 1[0m in 0.68s]
[0m17:30:00  5 of 14 START sql view model staging.stg_tpcds__date_dim ....................... [RUN]
[0m17:30:00  5 of 14 OK created sql view model staging.stg_tpcds__date_dim .................. [[32mSUCCESS 1[0m in 0.53s]
[0m17:30:00  6 of 14 START sql view model staging.stg_tpcds__household_demographics ......... [RUN]
[0m17:30:01  6 of 14 OK created sql view model staging.stg_tpcds__household_demographics .... [[32mSUCCESS 1[0m in 0.52s]
[0m17:30:01  7 of 14 START sql view model staging.stg_tpcds__income_band .................... [RUN]
[0m17:30:01  7 of 14 OK created sql view model staging.stg_tpcds__income_band ............... [[32mSUCCESS 1[0m in 0.60s]
[0m17:30:01  8 of 14 START sql view model staging.stg_tpcds__inventory ...................... [RUN]
[0m17:30:02  8 of 14 OK created sql view model staging.stg_tpcds__inventory ................. [[32mSUCCESS 1[0m in 0.53s]
[0m17:30:02  9 of 14 START sql view model staging.stg_tpcds__web_sales ...................... [RUN]
[0m17:30:02  9 of 14 OK created sql view model staging.stg_tpcds__web_sales ................. [[32mSUCCESS 1[0m in 0.55s]
[0m17:30:02  10 of 14 START snapshot intermediate.customer_snapshot ......................... [RUN]
[0m17:30:06  10 of 14 OK snapshotted intermediate.customer_snapshot ......................... [[32mSUCCESS 0[0m in 3.14s]
[0m17:30:06  11 of 14 START sql incremental model intermediate.int__daily_aggregated_sales .. [RUN]
[0m17:30:12  11 of 14 OK created sql incremental model intermediate.int__daily_aggregated_sales  [[32mSUCCESS 2415[0m in 6.64s]
[0m17:30:12  12 of 14 START sql incremental model analytics.customer_dim .................... [RUN]
[0m17:30:18  12 of 14 OK created sql incremental model analytics.customer_dim ............... [[32mSUCCESS 100000[0m in 6.26s]
[0m17:30:18  13 of 14 START test not_null_int__daily_aggregated_sales_warehouse_sk .......... [RUN]
[0m17:30:19  13 of 14 PASS not_null_int__daily_aggregated_sales_warehouse_sk ................ [[32mPASS[0m in 0.59s]
[0m17:30:19  14 of 14 START sql incremental model analytics.weekly_sales_inventory .......... [RUN]
[0m17:30:24  14 of 14 OK created sql incremental model analytics.weekly_sales_inventory ..... [[32mSUCCESS 27[0m in 5.02s]
[0m17:30:24  
[0m17:30:24  Finished running 9 view models, 1 snapshot, 3 incremental models, 1 test in 0 hours 0 minutes and 34.69 seconds (34.69s).
[0m17:30:24  
[0m17:30:24  [32mCompleted successfully[0m
[0m17:30:24  
[0m17:30:24  Done. PASS=14 WARN=0 ERROR=0 SKIP=0 TOTAL=14
