[0m01:19:54  Running with dbt=1.7.3
[0m01:19:55  Registered adapter: snowflake=1.7.1
[0m01:19:55  Found 12 models, 1 snapshot, 1 test, 9 sources, 0 exposures, 0 metrics, 805 macros, 0 groups, 0 semantic models
[0m01:19:55  
[0m01:19:58  Concurrency: 1 threads (target='dev')
[0m01:19:58  
[0m01:19:58  1 of 14 START sql view model staging.stg_tpcds__catalog_sales .................. [RUN]
[0m01:19:58  1 of 14 OK created sql view model staging.stg_tpcds__catalog_sales ............. [[32mSUCCESS 1[0m in 0.57s]
[0m01:19:58  2 of 14 START sql view model staging.stg_tpcds__customer ....................... [RUN]
[0m01:19:59  2 of 14 OK created sql view model staging.stg_tpcds__customer .................. [[32mSUCCESS 1[0m in 0.74s]
[0m01:19:59  3 of 14 START sql view model staging.stg_tpcds__customer_address ............... [RUN]
[0m01:20:00  3 of 14 OK created sql view model staging.stg_tpcds__customer_address .......... [[32mSUCCESS 1[0m in 0.54s]
[0m01:20:00  4 of 14 START sql view model staging.stg_tpcds__customer_demographics .......... [RUN]
[0m01:20:00  4 of 14 OK created sql view model staging.stg_tpcds__customer_demographics ..... [[32mSUCCESS 1[0m in 0.49s]
[0m01:20:00  5 of 14 START sql view model staging.stg_tpcds__date_dim ....................... [RUN]
[0m01:20:01  5 of 14 OK created sql view model staging.stg_tpcds__date_dim .................. [[32mSUCCESS 1[0m in 0.45s]
[0m01:20:01  6 of 14 START sql view model staging.stg_tpcds__household_demographics ......... [RUN]
[0m01:20:01  6 of 14 OK created sql view model staging.stg_tpcds__household_demographics .... [[32mSUCCESS 1[0m in 0.45s]
[0m01:20:01  7 of 14 START sql view model staging.stg_tpcds__income_band .................... [RUN]
[0m01:20:02  7 of 14 OK created sql view model staging.stg_tpcds__income_band ............... [[32mSUCCESS 1[0m in 0.53s]
[0m01:20:02  8 of 14 START sql view model staging.stg_tpcds__inventory ...................... [RUN]
[0m01:20:02  8 of 14 OK created sql view model staging.stg_tpcds__inventory ................. [[32mSUCCESS 1[0m in 0.45s]
[0m01:20:02  9 of 14 START sql view model staging.stg_tpcds__web_sales ...................... [RUN]
[0m01:20:03  9 of 14 OK created sql view model staging.stg_tpcds__web_sales ................. [[32mSUCCESS 1[0m in 0.64s]
[0m01:20:03  10 of 14 START snapshot intermediate.customer_snapshot ......................... [RUN]
[0m01:20:05  10 of 14 OK snapshotted intermediate.customer_snapshot ......................... [[32mSUCCESS 0[0m in 2.79s]
[0m01:20:05  11 of 14 START sql incremental model intermediate.int__daily_aggregated_sales .. [RUN]
[0m01:20:18  11 of 14 OK created sql incremental model intermediate.int__daily_aggregated_sales  [[32mSUCCESS 2393[0m in 12.20s]
[0m01:20:18  12 of 14 START sql incremental model analytics.customer_dim .................... [RUN]
[0m01:20:23  12 of 14 OK created sql incremental model analytics.customer_dim ............... [[32mSUCCESS 100000[0m in 5.31s]
[0m01:20:23  13 of 14 START test not_null_int__daily_aggregated_sales_warehouse_sk .......... [RUN]
[0m01:20:24  13 of 14 PASS not_null_int__daily_aggregated_sales_warehouse_sk ................ [[32mPASS[0m in 0.63s]
[0m01:20:24  14 of 14 START sql incremental model analytics.weekly_sales_inventory .......... [RUN]
[0m01:20:26  14 of 14 OK created sql incremental model analytics.weekly_sales_inventory ..... [[32mSUCCESS 17[0m in 2.47s]
[0m01:20:26  
[0m01:20:26  Finished running 9 view models, 1 snapshot, 3 incremental models, 1 test in 0 hours 0 minutes and 30.89 seconds (30.89s).
[0m01:20:26  
[0m01:20:26  [32mCompleted successfully[0m
[0m01:20:26  
[0m01:20:26  Done. PASS=14 WARN=0 ERROR=0 SKIP=0 TOTAL=14
