[0m21:08:59  Running with dbt=1.7.3
[0m21:09:00  Registered adapter: snowflake=1.7.1
[0m21:09:00  Found 12 models, 1 snapshot, 1 test, 9 sources, 0 exposures, 0 metrics, 805 macros, 0 groups, 0 semantic models
[0m21:09:00  
[0m21:09:03  Concurrency: 1 threads (target='dev')
[0m21:09:03  
[0m21:09:03  1 of 14 START sql view model staging.stg_tpcds__catalog_sales .................. [RUN]
[0m21:09:04  1 of 14 OK created sql view model staging.stg_tpcds__catalog_sales ............. [[32mSUCCESS 1[0m in 0.66s]
[0m21:09:04  2 of 14 START sql view model staging.stg_tpcds__customer ....................... [RUN]
[0m21:09:04  2 of 14 OK created sql view model staging.stg_tpcds__customer .................. [[32mSUCCESS 1[0m in 0.52s]
[0m21:09:04  3 of 14 START sql view model staging.stg_tpcds__customer_address ............... [RUN]
[0m21:09:05  3 of 14 OK created sql view model staging.stg_tpcds__customer_address .......... [[32mSUCCESS 1[0m in 0.51s]
[0m21:09:05  4 of 14 START sql view model staging.stg_tpcds__customer_demographics .......... [RUN]
[0m21:09:05  4 of 14 OK created sql view model staging.stg_tpcds__customer_demographics ..... [[32mSUCCESS 1[0m in 0.63s]
[0m21:09:05  5 of 14 START sql view model staging.stg_tpcds__date_dim ....................... [RUN]
[0m21:09:06  5 of 14 OK created sql view model staging.stg_tpcds__date_dim .................. [[32mSUCCESS 1[0m in 0.43s]
[0m21:09:06  6 of 14 START sql view model staging.stg_tpcds__household_demographics ......... [RUN]
[0m21:09:07  6 of 14 OK created sql view model staging.stg_tpcds__household_demographics .... [[32mSUCCESS 1[0m in 0.78s]
[0m21:09:07  7 of 14 START sql view model staging.stg_tpcds__income_band .................... [RUN]
[0m21:09:07  7 of 14 OK created sql view model staging.stg_tpcds__income_band ............... [[32mSUCCESS 1[0m in 0.58s]
[0m21:09:07  8 of 14 START sql view model staging.stg_tpcds__inventory ...................... [RUN]
[0m21:09:08  8 of 14 OK created sql view model staging.stg_tpcds__inventory ................. [[32mSUCCESS 1[0m in 0.53s]
[0m21:09:08  9 of 14 START sql view model staging.stg_tpcds__web_sales ...................... [RUN]
[0m21:09:08  9 of 14 OK created sql view model staging.stg_tpcds__web_sales ................. [[32mSUCCESS 1[0m in 0.52s]
[0m21:09:08  10 of 14 START snapshot intermediate.customer_snapshot ......................... [RUN]
[0m21:09:12  10 of 14 OK snapshotted intermediate.customer_snapshot ......................... [[32mSUCCESS 0[0m in 3.35s]
[0m21:09:12  11 of 14 START sql incremental model intermediate.int__daily_aggregated_sales .. [RUN]
[0m21:09:20  11 of 14 OK created sql incremental model intermediate.int__daily_aggregated_sales  [[32mSUCCESS 2393[0m in 8.21s]
[0m21:09:20  12 of 14 START sql incremental model analytics.customer_dim .................... [RUN]
[0m21:09:25  12 of 14 ERROR creating sql incremental model analytics.customer_dim ........... [[31mERROR[0m in 5.69s]
[0m21:09:26  13 of 14 START test not_null_int__daily_aggregated_sales_warehouse_sk .......... [RUN]
[0m21:09:26  13 of 14 PASS not_null_int__daily_aggregated_sales_warehouse_sk ................ [[32mPASS[0m in 0.60s]
[0m21:09:26  14 of 14 START sql incremental model analytics.weekly_sales_inventory .......... [RUN]
[0m21:09:30  14 of 14 OK created sql incremental model analytics.weekly_sales_inventory ..... [[32mSUCCESS 17[0m in 3.51s]
[0m21:09:30  
[0m21:09:30  Finished running 9 view models, 1 snapshot, 3 incremental models, 1 test in 0 hours 0 minutes and 29.84 seconds (29.84s).
[0m21:09:30  
[0m21:09:30  [31mCompleted with 1 error and 0 warnings:[0m
[0m21:09:30  
[0m21:09:30    Database Error in model customer_dim (models/analytics/customer_dim.sql)
  100090 (42P18): Duplicate row detected during DML action
  Row Values: [redacted]
  compiled Code at target/run/capstone/models/analytics/customer_dim.sql
[0m21:09:30  
[0m21:09:30  Done. PASS=13 WARN=0 ERROR=1 SKIP=0 TOTAL=14
